TN:
SF:/home/administrator/workspace/signaturit-solidity-contracts/contracts/AuditTrails.sol
FN:24,constructor
FN:26,subscribe
FN:38,getAudit
FN:72,getEventInAudit
FN:104,notify
FN:133,_getAudit
FN:139,_checkExistence
FN:144,_checkValidCaller
FN:151,_validAddress
FNF:9
FNH:9
FNDA:8,constructor
FNDA:6,subscribe
FNDA:4,getAudit
FNDA:1,getEventInAudit
FNDA:4,notify
FNDA:5,_getAudit
FNDA:4,_checkExistence
FNDA:4,_checkValidCaller
FNDA:4,_validAddress
DA:31,6
DA:33,6
DA:35,6
DA:53,4
DA:55,3
DA:57,3
DA:59,3
DA:61,3
DA:84,1
DA:86,1
DA:88,1
DA:90,1
DA:92,1
DA:94,1
DA:96,1
DA:110,4
DA:111,4
DA:112,4
DA:114,4
DA:116,4
DA:117,4
DA:119,4
DA:124,4
DA:128,4
DA:134,5
DA:136,4
DA:140,4
DA:141,4
DA:145,4
DA:152,4
DA:153,4
DA:154,4
DA:156,4
DA:158,4
DA:159,4
DA:162,0
DA:175,4
LF:37
LH:36
BRDA:90,1,0,1
BRDA:90,1,1,0
BRDA:110,2,0,4
BRDA:110,2,1,0
BRDA:119,3,0,4
BRDA:119,3,1,0
BRDA:134,4,0,4
BRDA:134,4,1,1
BRDA:140,5,0,0
BRDA:140,5,1,4
BRDA:145,6,0,4
BRDA:145,6,1,0
BRDA:158,7,0,4
BRDA:158,7,1,0
BRF:14
BRH:8
end_of_record
TN:
SF:/home/administrator/workspace/signaturit-solidity-contracts/contracts/BaseAggregator.sol
FN:14,signaturitOnly
FN:23,constructor
FNF:2
FNH:2
FNDA:65,signaturitOnly
FNDA:85,constructor
DA:15,65
DA:20,59
DA:28,85
DA:30,85
DA:31,85
DA:33,85
DA:35,85
DA:40,79
LF:8
LH:8
BRDA:15,1,0,59
BRDA:15,1,1,6
BRF:2
BRH:2
end_of_record
TN:
SF:/home/administrator/workspace/signaturit-solidity-contracts/contracts/Certificate.sol
FN:31,constructor
FN:40,certifiedEmailModifier
FN:49,init
FN:60,setCertifiedEmailOwner
FN:69,createFile
FN:103,createEvent
FN:139,getEvent
FN:151,getEventsSize
FN:159,notifyEntityEvent
FNF:9
FNH:9
FNDA:22,constructor
FNDA:50,certifiedEmailModifier
FNDA:17,init
FNDA:19,setCertifiedEmailOwner
FNDA:6,createFile
FNDA:8,createEvent
FNDA:6,getEvent
FNDA:1,getEventsSize
FNDA:12,notifyEntityEvent
DA:35,22
DA:36,22
DA:37,22
DA:41,50
DA:46,50
DA:56,17
DA:57,17
DA:66,19
DA:79,6
DA:86,6
DA:91,6
DA:93,6
DA:100,6
DA:112,8
DA:117,6
DA:127,6
DA:132,6
DA:134,6
DA:136,6
DA:146,6
DA:148,5
DA:156,1
DA:166,12
DA:167,12
DA:169,12
LF:25
LH:25
BRDA:41,1,0,50
BRDA:41,1,1,0
BRDA:86,2,0,6
BRDA:86,2,1,0
BRDA:112,3,0,6
BRDA:112,3,1,2
BRDA:127,4,0,6
BRDA:127,4,1,0
BRDA:146,5,0,1
BRDA:146,5,1,5
BRF:10
BRH:7
end_of_record
TN:
SF:/home/administrator/workspace/signaturit-solidity-contracts/contracts/CertifiedEmail.sol
FN:33,constructor
FN:56,signaturitOnly
FN:65,notifyCreation
FN:72,createCertificate
FN:89,createEvent
FN:109,createFile
FN:131,getCertificate
FN:143,getCertificateByIndex
FN:156,getEvent
FN:175,getFile
FN:191,getCertificatesSize
FN:199,_notifyEntityEvent
FN:226,_certificateExist
FN:236,_getCertificate
FNF:14
FNH:14
FNDA:48,constructor
FNDA:74,signaturitOnly
FNDA:33,notifyCreation
FNDA:17,createCertificate
FNDA:8,createEvent
FNDA:6,createFile
FNDA:19,getCertificate
FNDA:3,getCertificateByIndex
FNDA:5,getEvent
FNDA:4,getFile
FNDA:1,getCertificatesSize
FNDA:50,_notifyEntityEvent
FNDA:59,_certificateExist
FNDA:31,_getCertificate
DA:43,48
DA:44,48
DA:45,48
DA:46,48
DA:47,48
DA:48,48
DA:49,48
DA:51,48
DA:53,48
DA:57,74
DA:62,64
DA:69,33
DA:80,17
DA:82,17
DA:84,17
DA:86,17
DA:99,8
DA:101,8
DA:120,6
DA:122,6
DA:138,19
DA:140,18
DA:150,3
DA:152,2
DA:164,5
DA:166,4
DA:170,4
DA:172,4
DA:182,4
DA:184,3
DA:186,3
DA:188,3
DA:196,1
DA:206,50
DA:207,50
DA:209,50
DA:233,59
DA:242,31
DA:243,12
DA:245,19
DA:256,19
DA:261,19
DA:265,19
DA:267,19
LF:44
LH:44
BRDA:57,1,0,64
BRDA:57,1,1,10
BRDA:138,2,0,1
BRDA:138,2,1,18
BRDA:150,3,0,1
BRDA:150,3,1,2
BRDA:164,4,0,1
BRDA:164,4,1,4
BRDA:170,5,0,0
BRDA:170,5,1,4
BRDA:182,6,0,1
BRDA:182,6,1,3
BRDA:186,7,0,0
BRDA:186,7,1,3
BRDA:242,8,0,12
BRDA:242,8,1,19
BRDA:256,9,0,19
BRDA:256,9,1,0
BRF:18
BRH:15
end_of_record
TN:
SF:/home/administrator/workspace/signaturit-solidity-contracts/contracts/CertifiedEmailAggregator.sol
FN:23,constructor
FN:34,getCertifiedEmailById
FN:46,getCertifiedEmail
FN:70,count
FN:78,notify
FNF:5
FNH:5
FNDA:31,constructor
FNDA:3,getCertifiedEmailById
FNDA:8,getCertifiedEmail
FNDA:4,count
FNDA:25,notify
DA:41,3
DA:43,3
DA:53,8
DA:54,8
DA:58,7
DA:64,1
DA:75,4
DA:85,25
DA:86,25
DA:88,25
DA:90,25
DA:91,25
LF:12
LH:12
BRDA:54,1,0,7
BRDA:54,1,1,1
BRDA:85,2,0,25
BRDA:85,2,1,0
BRF:4
BRH:3
end_of_record
TN:
SF:/home/administrator/workspace/signaturit-solidity-contracts/contracts/CertifiedEmailDeployer.sol
FN:14,constructor
FN:16,deployFile
FN:25,deployCertificate
FN:35,deployEvent
FNF:4
FNH:4
FNDA:44,constructor
FNDA:6,deployFile
FNDA:20,deployCertificate
FNDA:6,deployEvent
DA:22,6
DA:32,20
DA:44,6
LF:3
LH:3
BRF:0
BRH:0
end_of_record
TN:
SF:/home/administrator/workspace/signaturit-solidity-contracts/contracts/CertifiedFile.sol
FN:24,signaturitOnly
FN:33,constructor
FN:54,notifyEvent
FNF:3
FNH:3
FNDA:11,signaturitOnly
FNDA:32,constructor
FNDA:7,notifyEvent
DA:25,11
DA:30,7
DA:43,32
DA:44,32
DA:46,32
DA:47,32
DA:48,32
DA:49,32
DA:51,32
DA:58,7
DA:59,7
DA:61,7
LF:12
LH:12
BRDA:25,1,0,7
BRDA:25,1,1,4
BRF:2
BRH:2
end_of_record
TN:
SF:/home/administrator/workspace/signaturit-solidity-contracts/contracts/CertifiedFileAggregator.sol
FN:23,constructor
FN:34,getCertifiedFileById
FN:46,getCertifiedFile
FN:71,count
FN:79,notify
FNF:5
FNH:5
FNDA:13,constructor
FNDA:3,getCertifiedFileById
FNDA:4,getCertifiedFile
FNDA:4,count
FNDA:5,notify
DA:41,3
DA:43,3
DA:53,4
DA:55,4
DA:59,3
DA:65,1
DA:76,4
DA:86,5
DA:87,5
DA:89,5
DA:91,5
DA:92,5
LF:12
LH:12
BRDA:55,1,0,3
BRDA:55,1,1,1
BRDA:86,2,0,5
BRDA:86,2,1,0
BRF:4
BRH:3
end_of_record
TN:
SF:/home/administrator/workspace/signaturit-solidity-contracts/contracts/CertifiedFileChecker.sol
FN:23,signaturitOnly
FN:32,constructor
FN:36,getFile
FN:79,notify
FNF:4
FNH:4
FNDA:9,signaturitOnly
FNDA:13,constructor
FNDA:6,getFile
FNDA:7,notify
DA:24,9
DA:29,7
DA:33,13
DA:48,6
DA:50,6
DA:54,4
DA:55,4
DA:57,4
DA:68,2
DA:84,7
DA:85,7
DA:86,7
DA:88,7
DA:90,7
LF:14
LH:14
BRDA:24,1,0,7
BRDA:24,1,1,2
BRDA:50,2,0,4
BRDA:50,2,1,2
BRDA:84,3,0,7
BRDA:84,3,1,0
BRDA:88,4,0,6
BRDA:88,4,1,1
BRF:8
BRH:7
end_of_record
TN:
SF:/home/administrator/workspace/signaturit-solidity-contracts/contracts/Clause.sol
FN:18,constructor
FN:26,_notifySignature
FN:35,_notify
FNF:3
FNH:3
FNDA:67,constructor
FNDA:46,_notifySignature
FNDA:22,_notify
DA:23,67
DA:29,46
DA:38,22
DA:39,22
DA:41,22
LF:5
LH:5
BRF:0
BRH:0
end_of_record
TN:
SF:/home/administrator/workspace/signaturit-solidity-contracts/contracts/Document.sol
FN:52,constructor
FN:61,protected
FN:70,signerOnly
FN:79,init
FN:90,setSignatureOwner
FN:99,setOwner
FN:108,sign
FN:131,decline
FN:154,cancel
FN:177,createFile
FN:211,setFileHash
FN:227,createEvent
FN:258,notifyEntityEvent
FN:284,getEvent
FN:299,getEventsSize
FNF:15
FNH:15
FNDA:41,constructor
FNDA:148,protected
FNDA:16,signerOnly
FNDA:35,init
FNDA:39,setSignatureOwner
FNDA:32,setOwner
FNDA:7,sign
FNDA:5,decline
FNDA:6,cancel
FNDA:7,createFile
FNDA:3,setFileHash
FNDA:26,createEvent
FNDA:33,notifyEntityEvent
FNDA:10,getEvent
FNDA:6,getEventsSize
DA:56,41
DA:57,41
DA:58,41
DA:62,148
DA:67,148
DA:71,16
DA:76,12
DA:86,35
DA:87,35
DA:96,39
DA:105,32
DA:114,7
DA:119,7
DA:121,7
DA:123,7
DA:137,5
DA:142,3
DA:144,3
DA:146,3
DA:160,6
DA:165,4
DA:167,4
DA:169,4
DA:187,7
DA:194,7
DA:199,7
DA:201,7
DA:208,7
DA:217,3
DA:219,3
DA:236,26
DA:246,26
DA:251,26
DA:253,26
DA:255,26
DA:265,33
DA:266,33
DA:268,33
DA:291,10
DA:296,9
DA:304,6
LF:41
LH:41
BRDA:62,1,0,148
BRDA:62,1,1,0
BRDA:71,2,0,12
BRDA:71,2,1,4
BRDA:114,3,0,7
BRDA:114,3,1,0
BRDA:137,4,0,3
BRDA:137,4,1,2
BRDA:160,5,0,4
BRDA:160,5,1,2
BRDA:194,6,0,7
BRDA:194,6,1,0
BRDA:246,7,0,26
BRDA:246,7,1,0
BRDA:291,8,0,9
BRDA:291,8,1,1
BRF:16
BRH:12
end_of_record
TN:
SF:/home/administrator/workspace/signaturit-solidity-contracts/contracts/Event.sol
FN:19,constructor
FNF:1
FNH:1
FNDA:36,constructor
DA:27,36
DA:29,36
DA:30,36
DA:31,36
DA:32,36
LF:5
LH:5
BRF:0
BRH:0
end_of_record
TN:
SF:/home/administrator/workspace/signaturit-solidity-contracts/contracts/File.sol
FN:20,constructor
FN:29,parentOnly
FN:38,init
FNF:3
FNH:3
FNDA:20,constructor
FNDA:18,parentOnly
FNDA:16,init
DA:25,20
DA:26,20
DA:30,18
DA:35,16
DA:47,16
DA:53,14
DA:54,14
DA:55,14
DA:56,14
LF:9
LH:9
BRDA:30,1,0,16
BRDA:30,1,1,2
BRDA:47,2,0,14
BRDA:47,2,1,2
BRF:4
BRH:4
end_of_record
TN:
SF:/home/administrator/workspace/signaturit-solidity-contracts/contracts/interfaces/CertificateInterface.sol
FNF:0
FNH:0
LF:0
LH:0
BRF:0
BRH:0
end_of_record
TN:
SF:/home/administrator/workspace/signaturit-solidity-contracts/contracts/interfaces/CertifiedEmailInterface.sol
FNF:0
FNH:0
LF:0
LH:0
BRF:0
BRH:0
end_of_record
TN:
SF:/home/administrator/workspace/signaturit-solidity-contracts/contracts/interfaces/CertifiedFileCheckerInterface.sol
FNF:0
FNH:0
LF:0
LH:0
BRF:0
BRH:0
end_of_record
TN:
SF:/home/administrator/workspace/signaturit-solidity-contracts/contracts/interfaces/CertifiedFileInterface.sol
FNF:0
FNH:0
LF:0
LH:0
BRF:0
BRH:0
end_of_record
TN:
SF:/home/administrator/workspace/signaturit-solidity-contracts/contracts/interfaces/DocumentInterface.sol
FNF:0
FNH:0
LF:0
LH:0
BRF:0
BRH:0
end_of_record
TN:
SF:/home/administrator/workspace/signaturit-solidity-contracts/contracts/interfaces/EventInterface.sol
FNF:0
FNH:0
LF:0
LH:0
BRF:0
BRH:0
end_of_record
TN:
SF:/home/administrator/workspace/signaturit-solidity-contracts/contracts/interfaces/FileInterface.sol
FNF:0
FNH:0
LF:0
LH:0
BRF:0
BRH:0
end_of_record
TN:
SF:/home/administrator/workspace/signaturit-solidity-contracts/contracts/interfaces/NotifierInterface.sol
FNF:0
FNH:0
LF:0
LH:0
BRF:0
BRH:0
end_of_record
TN:
SF:/home/administrator/workspace/signaturit-solidity-contracts/contracts/interfaces/SignatureInterface.sol
FNF:0
FNH:0
LF:0
LH:0
BRF:0
BRH:0
end_of_record
TN:
SF:/home/administrator/workspace/signaturit-solidity-contracts/contracts/interfaces/SignaturitUserInterface.sol
FNF:0
FNH:0
LF:0
LH:0
BRF:0
BRH:0
end_of_record
TN:
SF:/home/administrator/workspace/signaturit-solidity-contracts/contracts/libraries/UsingConstants.sol
FN:49,constructor
FNF:1
FNH:1
FNDA:430,constructor
LF:0
LH:0
BRF:0
BRH:0
end_of_record
TN:
SF:/home/administrator/workspace/signaturit-solidity-contracts/contracts/libraries/Utils.sol
FN:5,_bytesToAddress
FN:19,keccak
FNF:2
FNH:2
FNDA:103,_bytesToAddress
FNDA:871,keccak
DA:12,103
DA:13,103
DA:16,103
DA:26,871
LF:4
LH:4
BRF:0
BRH:0
end_of_record
TN:
SF:/home/administrator/workspace/signaturit-solidity-contracts/contracts/Payment.sol
FN:58,constructor
FN:72,signaturitOnly
FN:81,init
FN:100,setReceiver
FN:109,setReference
FN:128,addPaymentCheck
FN:156,getReceiversSize
FN:165,getPaymentCheckById
FN:188,getLastPaymentCheckFromReference
FN:220,getPaymentCheckFromReference
FN:265,getPaymentCheckSizeFromReference
FN:278,getReferenceById
FN:300,getReferenceFromReceiver
FN:342,getReferenceSizeFromReceiver
FN:355,getReceiverId
FN:381,_getReceiver
FN:399,_getReference
FN:425,_checkReferenceExistence
FN:437,_checkReceiverExistence
FN:449,_checkPaymentCheckFromReferenceExistence
FN:464,_checkPaymentCheckExistence
FNF:21
FNH:21
FNDA:23,constructor
FNDA:14,signaturitOnly
FNDA:2,init
FNDA:3,setReceiver
FNDA:3,setReference
FNDA:4,addPaymentCheck
FNDA:1,getReceiversSize
FNDA:5,getPaymentCheckById
FNDA:1,getLastPaymentCheckFromReference
FNDA:2,getPaymentCheckFromReference
FNDA:1,getPaymentCheckSizeFromReference
FNDA:7,getReferenceById
FNDA:3,getReferenceFromReceiver
FNDA:2,getReferenceSizeFromReceiver
FNDA:4,getReceiverId
FNDA:10,_getReceiver
FNDA:7,_getReference
FNDA:11,_checkReferenceExistence
FNDA:5,_checkReceiverExistence
FNDA:1,_checkPaymentCheckFromReferenceExistence
FNDA:5,_checkPaymentCheckExistence
DA:65,23
DA:66,23
DA:68,23
DA:69,23
DA:73,14
DA:78,12
DA:91,2
DA:92,2
DA:93,2
DA:94,2
DA:95,2
DA:97,2
DA:106,3
DA:118,3
DA:123,3
DA:124,3
DA:125,3
DA:139,4
DA:144,4
DA:151,4
DA:153,4
DA:161,1
DA:177,5
DA:179,5
DA:200,1
DA:205,1
DA:234,2
DA:236,2
DA:241,2
DA:243,2
DA:244,1
DA:246,2
DA:255,2
DA:272,1
DA:274,1
DA:289,7
DA:291,7
DA:313,3
DA:315,3
DA:320,3
DA:322,3
DA:323,1
DA:325,3
DA:333,3
DA:349,2
DA:351,2
DA:365,4
DA:370,4
DA:372,4
DA:373,1
DA:375,4
DA:387,10
DA:389,8
DA:391,8
DA:393,8
DA:396,10
DA:406,7
DA:408,7
DA:410,6
DA:412,6
DA:419,6
DA:422,7
DA:431,11
DA:443,5
DA:456,1
DA:458,1
DA:470,5
LF:67
LH:67
BRDA:73,1,0,12
BRDA:73,1,1,2
BRDA:236,2,0,2
BRDA:236,2,1,0
BRDA:243,3,0,1
BRDA:243,3,1,1
BRDA:315,4,0,3
BRDA:315,4,1,0
BRDA:322,5,0,1
BRDA:322,5,1,2
BRDA:365,6,0,4
BRDA:365,6,1,0
BRDA:372,7,0,1
BRDA:372,7,1,3
BRDA:387,8,0,8
BRDA:387,8,1,2
BRDA:408,9,0,6
BRDA:408,9,1,1
BRDA:431,10,0,11
BRDA:431,10,1,0
BRDA:443,11,0,5
BRDA:443,11,1,0
BRDA:458,12,0,1
BRDA:458,12,1,0
BRDA:470,13,0,5
BRDA:470,13,1,0
BRF:26
BRH:19
end_of_record
TN:
SF:/home/administrator/workspace/signaturit-solidity-contracts/contracts/Signature.sol
FN:36,constructor
FN:53,signaturitOnly
FN:62,ownerOnly
FN:71,notify
FN:82,notifyCreation
FN:89,createDocument
FN:106,setDocumentOwner
FN:118,setSignedFileHash
FN:130,cancelDocument
FN:142,createFile
FN:165,createEvent
FN:185,getClause
FN:195,getDocument
FN:207,getDocumentByIndex
FN:219,getDocumentsSize
FN:227,getFile
FN:243,getEvent
FN:262,_notifyEntityEvent
FN:288,_getDocument
FN:320,_documentExist
FNF:20
FNH:20
FNDA:106,constructor
FNDA:203,signaturitOnly
FNDA:10,ownerOnly
FNDA:46,notify
FNDA:57,notifyCreation
FNDA:35,createDocument
FNDA:32,setDocumentOwner
FNDA:3,setSignedFileHash
FNDA:6,cancelDocument
FNDA:7,createFile
FNDA:9,createEvent
FNDA:2,getClause
FNDA:38,getDocument
FNDA:7,getDocumentByIndex
FNDA:2,getDocumentsSize
FNDA:6,getFile
FNDA:3,getEvent
FNDA:92,_notifyEntityEvent
FNDA:92,_getDocument
FNDA:139,_documentExist
DA:43,106
DA:44,106
DA:46,106
DA:47,106
DA:49,106
DA:50,106
DA:54,203
DA:59,189
DA:63,10
DA:68,6
DA:78,46
DA:86,57
DA:97,35
DA:99,35
DA:101,35
DA:103,35
DA:113,32
DA:115,32
DA:125,3
DA:127,3
DA:137,6
DA:139,6
DA:153,7
DA:155,7
DA:175,9
DA:177,9
DA:192,2
DA:202,38
DA:204,37
DA:214,7
DA:216,6
DA:224,2
DA:234,6
DA:236,6
DA:238,6
DA:240,4
DA:251,3
DA:253,3
DA:257,3
DA:259,3
DA:269,92
DA:270,92
DA:272,92
DA:294,92
DA:295,53
DA:297,39
DA:306,39
DA:311,39
DA:315,39
DA:317,39
DA:327,139
LF:51
LH:51
BRDA:54,1,0,189
BRDA:54,1,1,14
BRDA:63,2,0,6
BRDA:63,2,1,4
BRDA:78,3,0,2
BRDA:78,3,1,44
BRDA:79,4,0,44
BRDA:79,4,1,0
BRDA:202,5,0,1
BRDA:202,5,1,37
BRDA:214,6,0,1
BRDA:214,6,1,6
BRDA:234,7,0,0
BRDA:234,7,1,6
BRDA:238,8,0,2
BRDA:238,8,1,4
BRDA:251,9,0,0
BRDA:251,9,1,3
BRDA:257,10,0,0
BRDA:257,10,1,3
BRDA:294,11,0,53
BRDA:294,11,1,39
BRDA:306,12,0,39
BRDA:306,12,1,0
BRF:24
BRH:19
end_of_record
TN:
SF:/home/administrator/workspace/signaturit-solidity-contracts/contracts/SignatureAggregator.sol
FN:20,constructor
FN:31,getSignatureById
FN:43,getSignature
FN:67,count
FN:75,notify
FNF:5
FNH:5
FNDA:35,constructor
FNDA:3,getSignatureById
FNDA:5,getSignature
FNDA:4,count
FNDA:29,notify
DA:38,3
DA:40,3
DA:50,5
DA:51,5
DA:55,4
DA:61,1
DA:72,4
DA:82,29
DA:83,29
DA:85,29
DA:87,29
DA:88,29
LF:12
LH:12
BRDA:51,1,0,4
BRDA:51,1,1,1
BRDA:82,2,0,29
BRDA:82,2,1,0
BRF:4
BRH:3
end_of_record
TN:
SF:/home/administrator/workspace/signaturit-solidity-contracts/contracts/SignatureDeployer.sol
FN:14,constructor
FN:16,deployFile
FN:25,deployDocument
FN:35,deployEvent
FNF:4
FNH:4
FNDA:102,constructor
FNDA:8,deployFile
FNDA:39,deployDocument
FNDA:26,deployEvent
DA:22,8
DA:32,39
DA:44,26
LF:3
LH:3
BRF:0
BRH:0
end_of_record
TN:
SF:/home/administrator/workspace/signaturit-solidity-contracts/contracts/SignaturitUser.sol
FN:23,constructor
FN:30,protected
FN:39,setStringAttribute
FN:51,deleteStringAttribute
FN:62,getStringAttribute
FN:74,setStringArrayAttribute
FN:85,deleteStringArrayAttribute
FN:104,getStringArrayAttribute
FN:121,setNumberAttribute
FN:132,deleteNumberAttribute
FN:142,getNumberAttribute
FN:154,setNumberArrayAttribute
FN:165,deleteNumberArrayAttribute
FN:184,getNumberArrayAttribute
FN:201,setAddressAttribute
FN:213,deleteAddressAttribute
FN:224,getAddressAttribute
FN:236,setAddressArrayAttribute
FN:247,deleteAddressArrayAttribute
FN:266,getAddressArrayAttribute
FN:283,setBooleanAttribute
FN:295,deleteBooleanAttribute
FN:306,getBooleanAttribute
FN:318,setBooleanArrayAttribute
FN:329,getBooleanArrayAttribute
FN:346,deleteBooleanArrayAttribute
FNF:26
FNH:26
FNDA:241,constructor
FNDA:445,protected
FNDA:4,setStringAttribute
FNDA:1,deleteStringAttribute
FNDA:4,getStringAttribute
FNDA:4,setStringArrayAttribute
FNDA:1,deleteStringArrayAttribute
FNDA:6,getStringArrayAttribute
FNDA:4,setNumberAttribute
FNDA:1,deleteNumberAttribute
FNDA:4,getNumberAttribute
FNDA:4,setNumberArrayAttribute
FNDA:1,deleteNumberArrayAttribute
FNDA:6,getNumberArrayAttribute
FNDA:97,setAddressAttribute
FNDA:1,deleteAddressAttribute
FNDA:8,getAddressAttribute
FNDA:304,setAddressArrayAttribute
FNDA:1,deleteAddressArrayAttribute
FNDA:319,getAddressArrayAttribute
FNDA:4,setBooleanAttribute
FNDA:1,deleteBooleanAttribute
FNDA:4,getBooleanAttribute
FNDA:4,setBooleanArrayAttribute
FNDA:6,getBooleanArrayAttribute
FNDA:1,deleteBooleanArrayAttribute
DA:26,241
DA:27,241
DA:31,445
DA:36,433
DA:46,4
DA:48,4
DA:57,1
DA:59,1
DA:69,4
DA:71,4
DA:81,4
DA:82,4
DA:92,1
DA:93,1
DA:95,1
DA:97,1
DA:98,1
DA:101,1
DA:112,6
DA:114,6
DA:115,3
DA:118,3
DA:128,4
DA:129,4
DA:138,1
DA:139,1
DA:149,4
DA:151,4
DA:161,4
DA:162,4
DA:172,1
DA:173,1
DA:175,1
DA:177,1
DA:178,1
DA:181,1
DA:192,6
DA:194,6
DA:195,3
DA:198,3
DA:208,97
DA:210,97
DA:219,1
DA:221,1
DA:231,8
DA:233,8
DA:243,304
DA:244,304
DA:254,1
DA:255,1
DA:257,1
DA:259,1
DA:260,1
DA:263,1
DA:274,319
DA:276,319
DA:277,100
DA:280,219
DA:290,4
DA:292,4
DA:301,1
DA:303,1
DA:313,4
DA:315,4
DA:325,4
DA:326,4
DA:337,6
DA:339,6
DA:340,3
DA:343,3
DA:353,1
DA:354,1
DA:356,1
DA:358,1
DA:359,1
DA:362,1
LF:76
LH:76
BRDA:31,1,0,433
BRDA:31,1,1,12
BRDA:95,2,0,0
BRDA:95,2,1,1
BRDA:114,3,0,3
BRDA:114,3,1,3
BRDA:175,4,0,0
BRDA:175,4,1,1
BRDA:194,5,0,3
BRDA:194,5,1,3
BRDA:257,6,0,0
BRDA:257,6,1,1
BRDA:276,7,0,100
BRDA:276,7,1,219
BRDA:339,8,0,3
BRDA:339,8,1,3
BRDA:356,9,0,0
BRDA:356,9,1,1
BRF:18
BRH:14
end_of_record
TN:
SF:/home/administrator/workspace/signaturit-solidity-contracts/contracts/TimeLogger.sol
FN:42,constructor
FN:75,onlyManager
FN:84,onlyOwner
FN:93,notExpired
FN:103,externalSourceLog
FN:113,soliditySourceLog
FN:121,expireContract
FN:128,createTimeLog
FN:143,editTimeLog
FN:167,getDayTime
FN:179,getTotalLoggedTime
FN:198,getTimeLog
FN:234,_logTime
FN:263,_createLog
FN:275,_closeLog
FN:298,_completePendingDays
FN:318,_completeDaysInTheGap
FN:337,_recalculateTotal
FN:353,_setDay
FNF:19
FNH:19
FNDA:44,constructor
FNDA:47,onlyManager
FNDA:7,onlyOwner
FNDA:33,notExpired
FNDA:26,externalSourceLog
FNDA:3,soliditySourceLog
FNDA:4,expireContract
FNDA:3,createTimeLog
FNDA:4,editTimeLog
FNDA:14,getDayTime
FNDA:4,getTotalLoggedTime
FNDA:17,getTimeLog
FNDA:29,_logTime
FNDA:23,_createLog
FNDA:16,_closeLog
FNDA:1,_completePendingDays
FNDA:1,_completeDaysInTheGap
FNDA:2,_recalculateTotal
FNDA:33,_setDay
DA:55,44
DA:56,44
DA:58,44
DA:59,44
DA:60,44
DA:61,44
DA:63,44
DA:65,44
DA:66,44
DA:67,44
DA:69,44
DA:70,44
DA:72,44
DA:76,47
DA:81,39
DA:85,7
DA:90,5
DA:94,33
DA:99,29
DA:110,26
DA:118,3
DA:125,4
DA:136,3
DA:138,3
DA:140,3
DA:153,4
DA:155,2
DA:157,2
DA:158,2
DA:159,2
DA:160,2
DA:162,2
DA:174,14
DA:176,13
DA:187,4
DA:189,3
DA:191,3
DA:192,6
DA:195,3
DA:212,17
DA:216,3
DA:219,14
DA:221,14
DA:223,14
DA:240,29
DA:242,29
DA:244,29
DA:245,11
DA:246,1
DA:248,10
DA:251,11
DA:253,11
DA:256,18
DA:258,18
DA:260,18
DA:270,23
DA:272,23
DA:282,16
DA:284,16
DA:287,14
DA:291,1
DA:293,14
DA:295,14
DA:305,1
DA:307,1
DA:309,1
DA:311,1
DA:313,1
DA:315,1
DA:325,1
DA:326,1
DA:328,1
DA:329,1
DA:331,1
DA:333,1
DA:342,2
DA:344,2
DA:345,2
DA:350,2
DA:358,33
DA:359,23
DA:361,23
LF:82
LH:82
BRDA:76,1,0,39
BRDA:76,1,1,8
BRDA:85,2,0,5
BRDA:85,2,1,2
BRDA:94,3,0,29
BRDA:94,3,1,4
BRDA:153,4,0,2
BRDA:153,4,1,2
BRDA:174,5,0,1
BRDA:174,5,1,13
BRDA:187,6,0,1
BRDA:187,6,1,3
BRDA:192,7,0,2
BRDA:192,7,1,4
BRDA:212,8,0,3
BRDA:212,8,1,14
BRDA:221,9,0,0
BRDA:221,9,1,14
BRDA:244,10,0,11
BRDA:244,10,1,18
BRDA:245,11,0,1
BRDA:245,11,1,10
BRDA:284,12,0,14
BRDA:284,12,1,2
BRDA:287,13,0,1
BRDA:287,13,1,13
BRDA:358,14,0,23
BRDA:358,14,1,10
BRF:28
BRH:27
end_of_record
TN:
SF:/home/administrator/workspace/signaturit-solidity-contracts/contracts/UserAuthority.sol
FN:27,constructor
FN:35,allowedAdminCreation
FN:44,allowedUserCreation
FN:53,allowedEdit
FN:63,createAdmin
FN:78,createUser
FN:93,setUserContract
FN:103,setRole
FN:115,setReputation
FN:125,setValidity
FN:135,getUser
FN:162,getManagedUser
FN:189,isUserManager
FNF:13
FNH:13
FNDA:21,constructor
FNDA:23,allowedAdminCreation
FNDA:19,allowedUserCreation
FNDA:25,allowedEdit
FNDA:21,createAdmin
FNDA:17,createUser
FNDA:1,setUserContract
FNDA:4,setRole
FNDA:1,setReputation
FNDA:1,setValidity
FNDA:16,getUser
FNDA:4,getManagedUser
FNDA:19,isUserManager
DA:28,21
DA:30,21
DA:32,21
DA:36,23
DA:41,21
DA:45,19
DA:50,17
DA:54,25
DA:60,7
DA:69,21
DA:71,21
DA:73,21
DA:75,21
DA:84,17
DA:86,17
DA:88,17
DA:90,17
DA:100,1
DA:110,4
DA:112,2
DA:122,1
DA:132,1
DA:148,16
DA:150,15
DA:159,1
DA:173,4
DA:177,2
DA:179,2
DA:181,2
DA:183,2
DA:197,19
LF:31
LH:31
BRDA:36,1,0,21
BRDA:36,1,1,2
BRDA:45,2,0,17
BRDA:45,2,1,2
BRDA:54,3,0,7
BRDA:54,3,1,18
BRDA:110,4,0,2
BRDA:110,4,1,2
BRDA:148,5,0,15
BRDA:148,5,1,1
BRDA:173,6,0,2
BRDA:173,6,1,2
BRDA:181,7,0,0
BRDA:181,7,1,2
BRF:14
BRH:13
end_of_record
TN:
SF:/home/administrator/workspace/signaturit-solidity-contracts/contracts/UserEvents.sol
FN:28,constructor
FN:50,notify
FN:82,validAddress
FNF:3
FNH:3
FNDA:14,constructor
FNDA:24,notify
FNDA:24,validAddress
DA:33,14
DA:35,14
DA:37,14
DA:39,14
DA:40,14
DA:41,14
DA:42,14
DA:43,14
DA:44,14
DA:45,14
DA:46,14
DA:47,14
DA:56,24
DA:61,24
DA:62,6
DA:64,5
DA:66,2
DA:68,6
DA:70,1
DA:72,1
DA:74,1
DA:76,1
DA:78,1
DA:83,24
DA:84,24
DA:85,24
DA:87,24
DA:88,22
DA:91,2
DA:104,24
LF:30
LH:30
BRDA:56,1,0,24
BRDA:56,1,1,0
BRDA:61,2,0,6
BRDA:61,2,1,18
BRDA:63,3,0,5
BRDA:63,3,1,13
BRDA:65,4,0,2
BRDA:65,4,1,11
BRDA:67,5,0,6
BRDA:67,5,1,5
BRDA:69,6,0,1
BRDA:69,6,1,4
BRDA:71,7,0,1
BRDA:71,7,1,3
BRDA:73,8,0,1
BRDA:73,8,1,2
BRDA:75,9,0,1
BRDA:75,9,1,1
BRDA:77,10,0,1
BRDA:77,10,1,0
BRDA:87,11,0,22
BRDA:87,11,1,2
BRF:22
BRH:20
end_of_record
