TN:
SF:contracts/BaseAggregator.sol
FN:14,signaturitOnly
FN:23,constructor
FNF:2
FNH:2
FNDA:66,signaturitOnly
FNDA:83,constructor
DA:15,66
DA:20,60
DA:28,83
DA:30,83
DA:31,83
DA:33,83
DA:35,83
DA:40,77
LF:8
LH:8
BRDA:15,1,0,60
BRDA:15,1,1,6
BRF:2
BRH:2
end_of_record
TN:
SF:contracts/Certificate.sol
FN:28,constructor
FN:37,certifiedEmailModifier
FN:46,init
FN:57,createFile
FN:89,createEvent
FN:123,getEvent
FN:135,getEventsSize
FNF:7
FNH:7
FNDA:24,constructor
FNDA:30,certifiedEmailModifier
FNDA:10,init
FNDA:6,createFile
FNDA:8,createEvent
FNDA:9,getEvent
FNDA:1,getEventsSize
DA:32,24
DA:33,24
DA:34,24
DA:38,30
DA:43,24
DA:53,10
DA:54,10
DA:67,6
DA:74,6
DA:79,6
DA:81,6
DA:98,8
DA:103,6
DA:113,6
DA:118,6
DA:120,6
DA:130,9
DA:132,8
DA:140,1
LF:19
LH:19
BRDA:38,1,0,24
BRDA:38,1,1,6
BRDA:74,2,0,6
BRDA:74,2,1,0
BRDA:98,3,0,6
BRDA:98,3,1,2
BRDA:113,4,0,6
BRDA:113,4,1,0
BRDA:130,5,0,1
BRDA:130,5,1,8
BRF:10
BRH:8
end_of_record
TN:
SF:contracts/CertifiedEmail.sol
FN:43,constructor
FN:66,signaturitOnly
FN:75,notifyCreation
FN:82,createCertificate
FN:99,createEvent
FN:128,createFile
FN:159,getCertificate
FN:171,getCertificateByIndex
FN:184,getEvent
FN:203,getFile
FN:219,getCertificatesSize
FN:227,notifyEntityEvent
FN:255,_certificateExist
FN:265,_getCertificate
FNF:14
FNH:14
FNDA:41,constructor
FNDA:91,signaturitOnly
FNDA:25,notifyCreation
FNDA:9,createCertificate
FNDA:3,createEvent
FNDA:5,createFile
FNDA:11,getCertificate
FNDA:3,getCertificateByIndex
FNDA:5,getEvent
FNDA:4,getFile
FNDA:1,getCertificatesSize
FNDA:43,notifyEntityEvent
FNDA:37,_certificateExist
FNDA:17,_getCertificate
DA:53,41
DA:54,41
DA:55,41
DA:56,41
DA:57,41
DA:58,41
DA:59,41
DA:61,41
DA:63,41
DA:67,91
DA:72,85
DA:79,25
DA:90,9
DA:92,9
DA:94,9
DA:96,9
DA:109,3
DA:111,3
DA:118,3
DA:120,3
DA:125,3
DA:139,5
DA:141,5
DA:149,5
DA:151,5
DA:156,5
DA:166,11
DA:168,10
DA:178,3
DA:180,2
DA:192,5
DA:194,4
DA:198,4
DA:200,4
DA:210,4
DA:212,3
DA:214,3
DA:216,3
DA:224,1
DA:235,43
DA:236,43
DA:238,43
DA:262,37
DA:271,17
DA:272,6
DA:274,11
DA:285,11
DA:290,11
DA:294,11
LF:49
LH:49
BRDA:67,1,0,85
BRDA:67,1,1,6
BRDA:120,2,0,3
BRDA:120,2,1,0
BRDA:151,3,0,5
BRDA:151,3,1,0
BRDA:166,4,0,1
BRDA:166,4,1,10
BRDA:178,5,0,1
BRDA:178,5,1,2
BRDA:192,6,0,1
BRDA:192,6,1,4
BRDA:198,7,0,0
BRDA:198,7,1,4
BRDA:210,8,0,1
BRDA:210,8,1,3
BRDA:214,9,0,0
BRDA:214,9,1,3
BRDA:271,10,0,6
BRDA:271,10,1,11
BRDA:285,11,0,11
BRDA:285,11,1,0
BRF:22
BRH:17
end_of_record
TN:
SF:contracts/CertifiedEmailAggregator.sol
FN:21,constructor
FN:32,getCertifiedEmailById
FN:44,getCertifiedEmail
FN:67,count
FN:75,notify
FNF:5
FNH:5
FNDA:31,constructor
FNDA:3,getCertifiedEmailById
FNDA:7,getCertifiedEmail
FNDA:4,count
FNDA:26,notify
DA:39,3
DA:41,3
DA:51,7
DA:52,7
DA:54,7
DA:55,7
DA:61,0
DA:72,4
DA:82,26
DA:84,26
DA:85,26
DA:87,26
DA:89,26
DA:90,26
LF:14
LH:13
BRDA:54,1,0,7
BRDA:54,1,1,0
BRDA:84,2,0,26
BRDA:84,2,1,0
BRF:4
BRH:2
end_of_record
TN:
SF:contracts/CertifiedEmailDeployer.sol
FN:14,constructor
FN:16,deployFile
FN:25,deployCertificate
FN:35,deployEvent
FNF:4
FNH:4
FNDA:46,constructor
FNDA:6,deployFile
FNDA:12,deployCertificate
FNDA:6,deployEvent
DA:22,6
DA:32,12
DA:44,6
LF:3
LH:3
BRF:0
BRH:0
end_of_record
TN:
SF:contracts/CertifiedFile.sol
FN:26,signaturitOnly
FN:35,constructor
FN:56,notifyEvent
FNF:3
FNH:3
FNDA:11,signaturitOnly
FNDA:32,constructor
FNDA:7,notifyEvent
DA:27,11
DA:32,7
DA:45,32
DA:46,32
DA:48,32
DA:49,32
DA:50,32
DA:51,32
DA:53,32
DA:60,7
DA:61,7
DA:63,7
LF:12
LH:12
BRDA:27,1,0,7
BRDA:27,1,1,4
BRF:2
BRH:2
end_of_record
TN:
SF:contracts/CertifiedFileAggregator.sol
FN:22,constructor
FN:33,getCertifiedFileById
FN:45,getCertifiedFile
FN:67,count
FN:75,notify
FNF:5
FNH:5
FNDA:12,constructor
FNDA:3,getCertifiedFileById
FNDA:3,getCertifiedFile
FNDA:4,count
FNDA:5,notify
DA:40,3
DA:42,3
DA:52,3
DA:53,3
DA:54,3
DA:55,3
DA:61,0
DA:72,4
DA:82,5
DA:84,5
DA:85,5
DA:87,5
DA:89,5
DA:90,5
LF:14
LH:13
BRDA:54,1,0,3
BRDA:54,1,1,0
BRDA:84,2,0,5
BRDA:84,2,1,0
BRF:4
BRH:2
end_of_record
TN:
SF:contracts/CertifiedFileChecker.sol
FN:24,signaturitOnly
FN:33,constructor
FN:37,getFile
FN:80,notify
FNF:4
FNH:4
FNDA:9,signaturitOnly
FNDA:13,constructor
FNDA:6,getFile
FNDA:7,notify
DA:25,9
DA:30,7
DA:34,13
DA:49,6
DA:51,6
DA:55,4
DA:56,4
DA:58,4
DA:69,2
DA:84,7
DA:86,7
DA:87,7
DA:88,7
DA:90,7
DA:92,7
LF:15
LH:15
BRDA:25,1,0,7
BRDA:25,1,1,2
BRDA:51,2,0,4
BRDA:51,2,1,2
BRDA:86,3,0,7
BRDA:86,3,1,0
BRDA:90,4,0,6
BRDA:90,4,1,1
BRF:8
BRH:7
end_of_record
TN:
SF:contracts/Clause.sol
FN:19,constructor
FN:27,_notifySignature
FN:36,_notify
FNF:3
FNH:3
FNDA:67,constructor
FNDA:46,_notifySignature
FNDA:22,_notify
DA:24,67
DA:30,46
DA:39,22
DA:40,22
DA:42,22
LF:5
LH:5
BRF:0
BRH:0
end_of_record
TN:
SF:contracts/Document.sol
FN:57,constructor
FN:66,protected
FN:75,signerOnly
FN:84,init
FN:95,setSignatureOwner
FN:104,setOwner
FN:113,sign
FN:136,decline
FN:159,cancel
FN:182,createFile
FN:216,setFileHash
FN:232,createEvent
FN:263,notifyEntityEvent
FN:289,getEvent
FN:304,getEventsSize
FNF:15
FNH:15
FNDA:37,constructor
FNDA:134,protected
FNDA:16,signerOnly
FNDA:31,init
FNDA:35,setSignatureOwner
FNDA:28,setOwner
FNDA:7,sign
FNDA:5,decline
FNDA:6,cancel
FNDA:6,createFile
FNDA:3,setFileHash
FNDA:25,createEvent
FNDA:31,notifyEntityEvent
FNDA:8,getEvent
FNDA:2,getEventsSize
DA:61,37
DA:62,37
DA:63,37
DA:67,134
DA:72,134
DA:76,16
DA:81,12
DA:91,31
DA:92,31
DA:101,35
DA:110,28
DA:119,7
DA:124,7
DA:126,7
DA:128,7
DA:142,5
DA:147,3
DA:149,3
DA:151,3
DA:165,6
DA:170,4
DA:172,4
DA:174,4
DA:192,6
DA:199,6
DA:204,6
DA:206,6
DA:213,6
DA:222,3
DA:224,3
DA:241,25
DA:251,25
DA:256,25
DA:258,25
DA:260,25
DA:270,31
DA:271,31
DA:273,31
DA:296,8
DA:301,7
DA:309,2
LF:41
LH:41
BRDA:67,1,0,134
BRDA:67,1,1,0
BRDA:76,2,0,12
BRDA:76,2,1,4
BRDA:119,3,0,7
BRDA:119,3,1,0
BRDA:142,4,0,3
BRDA:142,4,1,2
BRDA:165,5,0,4
BRDA:165,5,1,2
BRDA:199,6,0,6
BRDA:199,6,1,0
BRDA:251,7,0,25
BRDA:251,7,1,0
BRDA:296,8,0,7
BRDA:296,8,1,1
BRF:16
BRH:12
end_of_record
TN:
SF:contracts/Event.sol
FN:17,constructor
FNF:1
FNH:1
FNDA:35,constructor
DA:25,35
DA:26,35
DA:27,35
DA:28,35
LF:4
LH:4
BRF:0
BRH:0
end_of_record
TN:
SF:contracts/File.sol
FN:20,constructor
FN:29,parentOnly
FN:38,init
FNF:3
FNH:3
FNDA:19,constructor
FNDA:17,parentOnly
FNDA:15,init
DA:25,19
DA:26,19
DA:30,17
DA:35,15
DA:47,15
DA:53,13
DA:54,13
DA:55,13
DA:56,13
LF:9
LH:9
BRDA:30,1,0,15
BRDA:30,1,1,2
BRDA:47,2,0,13
BRDA:47,2,1,2
BRF:4
BRH:4
end_of_record
TN:
SF:contracts/interfaces/CertificateInterface.sol
FNF:0
FNH:0
LF:0
LH:0
BRF:0
BRH:0
end_of_record
TN:
SF:contracts/interfaces/CertifiedEmailInterface.sol
FNF:0
FNH:0
LF:0
LH:0
BRF:0
BRH:0
end_of_record
TN:
SF:contracts/interfaces/CertifiedFileCheckerInterface.sol
FNF:0
FNH:0
LF:0
LH:0
BRF:0
BRH:0
end_of_record
TN:
SF:contracts/interfaces/CertifiedFileInterface.sol
FNF:0
FNH:0
LF:0
LH:0
BRF:0
BRH:0
end_of_record
TN:
SF:contracts/interfaces/DocumentInterface.sol
FNF:0
FNH:0
LF:0
LH:0
BRF:0
BRH:0
end_of_record
TN:
SF:contracts/interfaces/EventInterface.sol
FNF:0
FNH:0
LF:0
LH:0
BRF:0
BRH:0
end_of_record
TN:
SF:contracts/interfaces/FileInterface.sol
FNF:0
FNH:0
LF:0
LH:0
BRF:0
BRH:0
end_of_record
TN:
SF:contracts/interfaces/NotifierInterface.sol
FNF:0
FNH:0
LF:0
LH:0
BRF:0
BRH:0
end_of_record
TN:
SF:contracts/interfaces/SignatureInterface.sol
FNF:0
FNH:0
LF:0
LH:0
BRF:0
BRH:0
end_of_record
TN:
SF:contracts/interfaces/SignaturitUserInterface.sol
FNF:0
FNH:0
LF:0
LH:0
BRF:0
BRH:0
end_of_record
TN:
SF:contracts/libraries/Utils.sol
FN:5,_bytesToAddress
FN:19,keccak
FNF:2
FNH:2
FNDA:89,_bytesToAddress
FNDA:1246,keccak
DA:12,89
DA:13,89
DA:16,89
DA:26,1246
LF:4
LH:4
BRF:0
BRH:0
end_of_record
TN:
SF:contracts/Payment.sol
FN:60,constructor
FN:74,signaturitOnly
FN:83,init
FN:102,setReceiver
FN:111,setReference
FN:130,addPaymentCheck
FN:158,getReceiversSize
FN:167,getPaymentCheckById
FN:190,getLastPaymentCheckFromReference
FN:222,getPaymentCheckFromReference
FN:267,getPaymentCheckSizeFromReference
FN:280,getReferenceById
FN:302,getReferenceFromReceiver
FN:344,getReferenceSizeFromReceiver
FN:357,getReceiverId
FN:383,_getReceiver
FN:401,_getReference
FN:427,_checkReferenceExistence
FN:439,_checkReceiverExistence
FN:451,_checkPaymentCheckFromReferenceExistence
FN:466,_checkPaymentCheckExistence
FNF:21
FNH:20
FNDA:23,constructor
FNDA:14,signaturitOnly
FNDA:2,init
FNDA:3,setReceiver
FNDA:3,setReference
FNDA:4,addPaymentCheck
FNDA:0,getReceiversSize
FNDA:5,getPaymentCheckById
FNDA:1,getLastPaymentCheckFromReference
FNDA:2,getPaymentCheckFromReference
FNDA:1,getPaymentCheckSizeFromReference
FNDA:7,getReferenceById
FNDA:3,getReferenceFromReceiver
FNDA:2,getReferenceSizeFromReceiver
FNDA:4,getReceiverId
FNDA:10,_getReceiver
FNDA:7,_getReference
FNDA:11,_checkReferenceExistence
FNDA:5,_checkReceiverExistence
FNDA:1,_checkPaymentCheckFromReferenceExistence
FNDA:5,_checkPaymentCheckExistence
DA:67,23
DA:68,23
DA:70,23
DA:71,23
DA:75,14
DA:80,12
DA:93,2
DA:94,2
DA:95,2
DA:96,2
DA:97,2
DA:99,2
DA:108,3
DA:120,3
DA:125,3
DA:126,3
DA:127,3
DA:141,4
DA:146,4
DA:153,4
DA:155,4
DA:163,0
DA:179,5
DA:181,5
DA:202,1
DA:207,1
DA:236,2
DA:238,2
DA:243,2
DA:245,2
DA:246,1
DA:248,2
DA:257,2
DA:274,1
DA:276,1
DA:291,7
DA:293,7
DA:315,3
DA:317,3
DA:322,3
DA:324,3
DA:325,1
DA:327,3
DA:335,3
DA:351,2
DA:353,2
DA:367,4
DA:372,4
DA:374,4
DA:375,1
DA:377,4
DA:389,10
DA:391,8
DA:393,8
DA:395,8
DA:398,10
DA:408,7
DA:410,7
DA:412,6
DA:414,6
DA:421,6
DA:424,7
DA:433,11
DA:445,5
DA:458,1
DA:460,1
DA:472,5
LF:67
LH:66
BRDA:75,1,0,12
BRDA:75,1,1,2
BRDA:238,2,0,2
BRDA:238,2,1,0
BRDA:245,3,0,1
BRDA:245,3,1,1
BRDA:317,4,0,3
BRDA:317,4,1,0
BRDA:324,5,0,1
BRDA:324,5,1,2
BRDA:367,6,0,4
BRDA:367,6,1,0
BRDA:374,7,0,1
BRDA:374,7,1,3
BRDA:389,8,0,8
BRDA:389,8,1,2
BRDA:410,9,0,6
BRDA:410,9,1,1
BRDA:433,10,0,11
BRDA:433,10,1,0
BRDA:445,11,0,5
BRDA:445,11,1,0
BRDA:460,12,0,1
BRDA:460,12,1,0
BRDA:472,13,0,5
BRDA:472,13,1,0
BRF:26
BRH:19
end_of_record
TN:
SF:contracts/Signature.sol
FN:45,constructor
FN:62,signaturitOnly
FN:71,ownerOnly
FN:80,notify
FN:91,notifyCreation
FN:98,createDocument
FN:115,setDocumentOwner
FN:127,setSignedFileHash
FN:139,cancelDocument
FN:151,createFile
FN:174,createEvent
FN:194,getClause
FN:204,getDocument
FN:216,getDocumentByIndex
FN:228,getDocumentsSize
FN:236,getFile
FN:252,getEvent
FN:271,_notifyEntityEvent
FN:297,_getDocument
FN:329,_documentExist
FNF:20
FNH:20
FNDA:100,constructor
FNDA:187,signaturitOnly
FNDA:10,ownerOnly
FNDA:46,notify
FNDA:51,notifyCreation
FNDA:31,createDocument
FNDA:28,setDocumentOwner
FNDA:3,setSignedFileHash
FNDA:6,cancelDocument
FNDA:6,createFile
FNDA:8,createEvent
FNDA:2,getClause
FNDA:27,getDocument
FNDA:7,getDocumentByIndex
FNDA:2,getDocumentsSize
FNDA:2,getFile
FNDA:2,getEvent
FNDA:82,_notifyEntityEvent
FNDA:82,_getDocument
FNDA:113,_documentExist
DA:52,100
DA:53,100
DA:55,100
DA:56,100
DA:58,100
DA:59,100
DA:63,187
DA:68,173
DA:72,10
DA:77,6
DA:87,46
DA:95,51
DA:106,31
DA:108,31
DA:110,31
DA:112,31
DA:122,28
DA:124,28
DA:134,3
DA:136,3
DA:146,6
DA:148,6
DA:162,6
DA:164,6
DA:184,8
DA:186,8
DA:201,2
DA:211,27
DA:213,26
DA:223,7
DA:225,6
DA:233,2
DA:243,2
DA:245,2
DA:247,2
DA:249,2
DA:260,2
DA:262,2
DA:266,2
DA:268,2
DA:278,82
DA:279,82
DA:281,82
DA:303,82
DA:304,47
DA:306,35
DA:315,35
DA:320,35
DA:324,35
DA:326,35
DA:336,113
LF:51
LH:51
BRDA:63,1,0,173
BRDA:63,1,1,14
BRDA:72,2,0,6
BRDA:72,2,1,4
BRDA:87,3,0,2
BRDA:87,3,1,44
BRDA:88,4,0,44
BRDA:88,4,1,0
BRDA:211,5,0,1
BRDA:211,5,1,26
BRDA:223,6,0,1
BRDA:223,6,1,6
BRDA:243,7,0,0
BRDA:243,7,1,2
BRDA:247,8,0,0
BRDA:247,8,1,2
BRDA:260,9,0,0
BRDA:260,9,1,2
BRDA:266,10,0,0
BRDA:266,10,1,2
BRDA:303,11,0,47
BRDA:303,11,1,35
BRDA:315,12,0,35
BRDA:315,12,1,0
BRF:24
BRH:18
end_of_record
TN:
SF:contracts/SignatureAggregator.sol
FN:22,constructor
FN:33,getSignatureById
FN:45,getSignature
FN:68,count
FN:76,notify
FNF:5
FNH:5
FNDA:34,constructor
FNDA:3,getSignatureById
FNDA:4,getSignature
FNDA:4,count
FNDA:29,notify
DA:40,3
DA:42,3
DA:52,4
DA:53,4
DA:55,4
DA:56,4
DA:62,0
DA:73,4
DA:83,29
DA:85,29
DA:86,29
DA:88,29
DA:90,29
DA:91,29
LF:14
LH:13
BRDA:55,1,0,4
BRDA:55,1,1,0
BRDA:85,2,0,29
BRDA:85,2,1,0
BRF:4
BRH:2
end_of_record
TN:
SF:contracts/SignatureDeployer.sol
FN:14,constructor
FN:16,deployFile
FN:25,deployDocument
FN:35,deployEvent
FNF:4
FNH:4
FNDA:96,constructor
FNDA:7,deployFile
FNDA:35,deployDocument
FNDA:25,deployEvent
DA:22,7
DA:32,35
DA:44,25
LF:3
LH:3
BRF:0
BRH:0
end_of_record
TN:
SF:contracts/SignaturitUser.sol
FN:23,constructor
FN:30,protected
FN:39,setStringAttribute
FN:51,deleteStringAttribute
FN:62,getStringAttribute
FN:74,setStringArrayAttribute
FN:85,deleteStringArrayAttribute
FN:104,getStringArrayAttribute
FN:121,setNumberAttribute
FN:132,deleteNumberAttribute
FN:142,getNumberAttribute
FN:154,setNumberArrayAttribute
FN:165,deleteNumberArrayAttribute
FN:184,getNumberArrayAttribute
FN:201,setAddressAttribute
FN:213,deleteAddressAttribute
FN:224,getAddressAttribute
FN:236,setAddressArrayAttribute
FN:247,deleteAddressArrayAttribute
FN:266,getAddressArrayAttribute
FN:283,setBooleanAttribute
FN:295,deleteBooleanAttribute
FN:306,getBooleanAttribute
FN:318,setBooleanArrayAttribute
FN:329,getBooleanArrayAttribute
FN:346,deleteBooleanArrayAttribute
FNF:26
FNH:26
FNDA:225,constructor
FNDA:435,protected
FNDA:4,setStringAttribute
FNDA:1,deleteStringAttribute
FNDA:4,getStringAttribute
FNDA:4,setStringArrayAttribute
FNDA:1,deleteStringArrayAttribute
FNDA:6,getStringArrayAttribute
FNDA:4,setNumberAttribute
FNDA:1,deleteNumberAttribute
FNDA:4,getNumberAttribute
FNDA:4,setNumberArrayAttribute
FNDA:1,deleteNumberArrayAttribute
FNDA:6,getNumberArrayAttribute
FNDA:95,setAddressAttribute
FNDA:1,deleteAddressAttribute
FNDA:8,getAddressAttribute
FNDA:296,setAddressArrayAttribute
FNDA:1,deleteAddressArrayAttribute
FNDA:284,getAddressArrayAttribute
FNDA:4,setBooleanAttribute
FNDA:1,deleteBooleanAttribute
FNDA:4,getBooleanAttribute
FNDA:4,setBooleanArrayAttribute
FNDA:6,getBooleanArrayAttribute
FNDA:1,deleteBooleanArrayAttribute
DA:26,225
DA:27,225
DA:31,435
DA:36,423
DA:46,4
DA:48,4
DA:57,1
DA:59,1
DA:69,4
DA:71,4
DA:81,4
DA:82,4
DA:92,1
DA:93,1
DA:95,1
DA:97,1
DA:98,1
DA:101,1
DA:112,6
DA:114,6
DA:115,3
DA:118,3
DA:128,4
DA:129,4
DA:138,1
DA:139,1
DA:149,4
DA:151,4
DA:161,4
DA:162,4
DA:172,1
DA:173,1
DA:175,1
DA:177,1
DA:178,1
DA:181,1
DA:192,6
DA:194,6
DA:195,3
DA:198,3
DA:208,95
DA:210,95
DA:219,1
DA:221,1
DA:231,8
DA:233,8
DA:243,296
DA:244,296
DA:254,1
DA:255,1
DA:257,1
DA:259,1
DA:260,1
DA:263,1
DA:274,284
DA:276,284
DA:277,96
DA:280,188
DA:290,4
DA:292,4
DA:301,1
DA:303,1
DA:313,4
DA:315,4
DA:325,4
DA:326,4
DA:337,6
DA:339,6
DA:340,3
DA:343,3
DA:353,1
DA:354,1
DA:356,1
DA:358,1
DA:359,1
DA:362,1
LF:76
LH:76
BRDA:31,1,0,423
BRDA:31,1,1,12
BRDA:95,2,0,0
BRDA:95,2,1,1
BRDA:114,3,0,3
BRDA:114,3,1,3
BRDA:175,4,0,0
BRDA:175,4,1,1
BRDA:194,5,0,3
BRDA:194,5,1,3
BRDA:257,6,0,0
BRDA:257,6,1,1
BRDA:276,7,0,96
BRDA:276,7,1,188
BRDA:339,8,0,3
BRDA:339,8,1,3
BRDA:356,9,0,0
BRDA:356,9,1,1
BRF:18
BRH:14
end_of_record
TN:
SF:contracts/TimeLogger.sol
FN:52,constructor
FN:85,onlyManager
FN:94,onlyOwner
FN:103,notExpired
FN:113,externalSourceLog
FN:123,soliditySourceLog
FN:131,expireContract
FN:138,createTimeLog
FN:153,editTimeLog
FN:177,getDayTime
FN:189,getTotalLoggedTime
FN:208,getTimeLog
FN:244,_logTime
FN:273,_createLog
FN:285,_closeLog
FN:308,_completePendingDays
FN:328,_completeDaysInTheGap
FN:347,_recalculateTotal
FN:363,_setDay
FNF:19
FNH:19
FNDA:44,constructor
FNDA:47,onlyManager
FNDA:7,onlyOwner
FNDA:33,notExpired
FNDA:26,externalSourceLog
FNDA:3,soliditySourceLog
FNDA:4,expireContract
FNDA:3,createTimeLog
FNDA:4,editTimeLog
FNDA:14,getDayTime
FNDA:4,getTotalLoggedTime
FNDA:17,getTimeLog
FNDA:29,_logTime
FNDA:23,_createLog
FNDA:16,_closeLog
FNDA:1,_completePendingDays
FNDA:1,_completeDaysInTheGap
FNDA:2,_recalculateTotal
FNDA:33,_setDay
DA:65,44
DA:66,44
DA:68,44
DA:69,44
DA:70,44
DA:71,44
DA:73,44
DA:75,44
DA:76,44
DA:77,44
DA:79,44
DA:80,44
DA:82,44
DA:86,47
DA:91,39
DA:95,7
DA:100,5
DA:104,33
DA:109,29
DA:120,26
DA:128,3
DA:135,4
DA:146,3
DA:148,3
DA:150,3
DA:163,4
DA:165,2
DA:167,2
DA:168,2
DA:169,2
DA:170,2
DA:172,2
DA:184,14
DA:186,13
DA:197,4
DA:199,3
DA:201,3
DA:202,6
DA:205,3
DA:222,17
DA:226,3
DA:229,14
DA:231,14
DA:233,14
DA:250,29
DA:252,29
DA:254,29
DA:255,11
DA:256,1
DA:258,10
DA:261,11
DA:263,11
DA:266,18
DA:268,18
DA:270,18
DA:280,23
DA:282,23
DA:292,16
DA:294,16
DA:297,14
DA:301,1
DA:303,14
DA:305,14
DA:315,1
DA:317,1
DA:319,1
DA:321,1
DA:323,1
DA:325,1
DA:335,1
DA:336,1
DA:338,1
DA:339,1
DA:341,1
DA:343,1
DA:352,2
DA:354,2
DA:355,2
DA:360,2
DA:368,33
DA:369,23
DA:371,23
LF:82
LH:82
BRDA:86,1,0,39
BRDA:86,1,1,8
BRDA:95,2,0,5
BRDA:95,2,1,2
BRDA:104,3,0,29
BRDA:104,3,1,4
BRDA:163,4,0,2
BRDA:163,4,1,2
BRDA:184,5,0,1
BRDA:184,5,1,13
BRDA:197,6,0,1
BRDA:197,6,1,3
BRDA:202,7,0,2
BRDA:202,7,1,4
BRDA:222,8,0,3
BRDA:222,8,1,14
BRDA:231,9,0,0
BRDA:231,9,1,14
BRDA:254,10,0,11
BRDA:254,10,1,18
BRDA:255,11,0,1
BRDA:255,11,1,10
BRDA:294,12,0,14
BRDA:294,12,1,2
BRDA:297,13,0,1
BRDA:297,13,1,13
BRDA:368,14,0,23
BRDA:368,14,1,10
BRF:28
BRH:27
end_of_record
TN:
SF:contracts/UserAuthority.sol
FN:26,constructor
FN:34,allowedAdminCreation
FN:43,allowedUserCreation
FN:52,allowedEdit
FN:62,createAdmin
FN:77,createUser
FN:92,setUserContract
FN:102,setRole
FN:114,setReputation
FN:124,setValidity
FN:134,getUser
FN:161,getManagedUser
FN:188,isUserManager
FNF:13
FNH:13
FNDA:21,constructor
FNDA:23,allowedAdminCreation
FNDA:19,allowedUserCreation
FNDA:25,allowedEdit
FNDA:21,createAdmin
FNDA:17,createUser
FNDA:1,setUserContract
FNDA:4,setRole
FNDA:1,setReputation
FNDA:1,setValidity
FNDA:16,getUser
FNDA:4,getManagedUser
FNDA:19,isUserManager
DA:27,21
DA:29,21
DA:31,21
DA:35,23
DA:40,21
DA:44,19
DA:49,17
DA:53,25
DA:59,7
DA:68,21
DA:70,21
DA:72,21
DA:74,21
DA:83,17
DA:85,17
DA:87,17
DA:89,17
DA:99,1
DA:109,4
DA:111,2
DA:121,1
DA:131,1
DA:147,16
DA:149,15
DA:158,1
DA:172,4
DA:176,2
DA:178,2
DA:180,2
DA:182,2
DA:196,19
LF:31
LH:31
BRDA:35,1,0,21
BRDA:35,1,1,2
BRDA:44,2,0,17
BRDA:44,2,1,2
BRDA:53,3,0,7
BRDA:53,3,1,18
BRDA:109,4,0,2
BRDA:109,4,1,2
BRDA:147,5,0,15
BRDA:147,5,1,1
BRDA:172,6,0,2
BRDA:172,6,1,2
BRDA:180,7,0,0
BRDA:180,7,1,2
BRF:14
BRH:13
end_of_record
TN:
SF:contracts/UserEvents.sol
FN:51,constructor
FN:73,notify
FN:107,validAddress
FNF:3
FNH:3
FNDA:14,constructor
FNDA:24,notify
FNDA:24,validAddress
DA:56,14
DA:58,14
DA:60,14
DA:62,14
DA:63,14
DA:64,14
DA:65,14
DA:66,14
DA:67,14
DA:68,14
DA:69,14
DA:70,14
DA:79,24
DA:81,24
DA:86,24
DA:87,6
DA:89,5
DA:91,2
DA:93,6
DA:95,1
DA:97,1
DA:99,1
DA:101,1
DA:103,1
DA:108,24
DA:109,24
DA:110,24
DA:112,24
DA:113,22
DA:116,2
DA:129,24
LF:31
LH:31
BRDA:81,1,0,24
BRDA:81,1,1,0
BRDA:86,2,0,6
BRDA:86,2,1,18
BRDA:88,3,0,5
BRDA:88,3,1,13
BRDA:90,4,0,2
BRDA:90,4,1,11
BRDA:92,5,0,6
BRDA:92,5,1,5
BRDA:94,6,0,1
BRDA:94,6,1,4
BRDA:96,7,0,1
BRDA:96,7,1,3
BRDA:98,8,0,1
BRDA:98,8,1,2
BRDA:100,9,0,1
BRDA:100,9,1,1
BRDA:102,10,0,1
BRDA:102,10,1,0
BRDA:112,11,0,22
BRDA:112,11,1,2
BRF:22
BRH:20
end_of_record
